0 silly argv {
0 silly argv   _: [ 'publish' ],
0 silly argv   'force-publish': true,
0 silly argv   forcePublish: true,
0 silly argv   composed: 'publish',
0 silly argv   lernaVersion: '4.0.0',
0 silly argv   '$0': 'node_modules\\lerna\\cli.js'
0 silly argv }
1 notice cli v4.0.0
2 verbose rootPath C:\Users\hoyeu\banyan\fontlab
3 verbose session 6e3a38cc6bdc6d2b
4 verbose user-agent lerna/4.0.0/node@v16.14.0+x64 (win32)
5 silly argv {
5 silly argv   _: [ 'publish' ],
5 silly argv   'force-publish': true,
5 silly argv   forcePublish: true,
5 silly argv   composed: 'publish',
5 silly argv   lernaVersion: '4.0.0'
5 silly argv }
6 verbose rootPath C:\Users\hoyeu\banyan\fontlab
7 info current version 0.0.20
8 silly isAnythingCommitted
9 verbose isAnythingCommitted 1
10 silly getCurrentBranch
11 verbose currentBranch master
12 silly remoteBranchExists
13 silly isBehindUpstream
14 silly isBehindUpstream master is behind origin/master by 0 commit(s) and ahead by 1
15 silly hasTags
16 verbose hasTags true
17 silly git-describe.sync "v0.0.20-1-g3092a8a" => {"lastTagName":"v0.0.20","lastVersion":"v0.0.20","refCount":"1","sha":"3092a8a","isDirty":false}
18 warn force-publish all packages
19 info Assuming all packages changed
20 verbose updated @fontlab/latin
21 verbose updated @fontlab/metrics
22 info execute Skipping releases
23 silly lifecycle No script for "preversion" in "root", continuing
24 silly lifecycle No script for "preversion" in "@fontlab/latin", continuing
25 silly lifecycle No script for "version" in "@fontlab/latin", continuing
26 silly lifecycle No script for "preversion" in "@fontlab/metrics", continuing
27 silly lifecycle No script for "version" in "@fontlab/metrics", continuing
28 silly lifecycle No script for "version" in "root", continuing
29 silly gitAdd [
29 silly gitAdd   'packages/latin/package.json',
29 silly gitAdd   'packages/metrics/package.json',
29 silly gitAdd   'lerna.json'
29 silly gitAdd ]
30 silly gitCommit v0.0.21
31 verbose git [ 'commit', '-m', 'v0.0.21' ]
32 silly gitTag v0.0.21
33 verbose git [ 'tag', 'v0.0.21', '-m', 'v0.0.21' ]
34 silly lifecycle No script for "postversion" in "@fontlab/latin", continuing
35 silly lifecycle No script for "postversion" in "@fontlab/metrics", continuing
36 silly lifecycle No script for "postversion" in "root", continuing
37 info git Pushing tags...
38 silly gitPush origin master
39 info publish Publishing packages to npm...
40 info Verifying npm credentials
41 verbose Retrieving npm user profile
42 http fetch GET 200 https://registry.npmjs.org/-/npm/v1/user 1896ms
43 silly npm profile get received {"tfa":false,"name":"hoyeung","email":"hoyeungw@outlook.com","email_verified":true,"created":"2019-02-14T08:31:40.801Z","updated":"2020-10-20T10:49:31.417Z","cidr_whitelist":null,"fullname":"Hoyeung Wong","twitter":"wonghoyeung","github":"hoyeungw"}
44 silly get npm username received {"username":"hoyeung","tfa":false,"name":"hoyeung","email":"hoyeungw@outlook.com","email_verified":true,"created":"2019-02-14T08:31:40.801Z","updated":"2020-10-20T10:49:31.417Z","cidr_whitelist":null,"fullname":"Hoyeung Wong","twitter":"wonghoyeung","github":"hoyeungw"}
45 silly verifyNpmPackageAccess
46 http fetch GET 200 https://registry.npmjs.org/-/org/hoyeung/package?format=cli 1388ms (cache updated)
47 info Checking two-factor auth mode
48 verbose Retrieving npm user profile
49 http fetch GET 200 https://registry.npmjs.org/-/npm/v1/user 618ms
50 silly npm profile get received {"tfa":false,"name":"hoyeung","email":"hoyeungw@outlook.com","email_verified":true,"created":"2019-02-14T08:31:40.801Z","updated":"2020-10-20T10:49:31.417Z","cidr_whitelist":null,"fullname":"Hoyeung Wong","twitter":"wonghoyeung","github":"hoyeungw"}
51 silly 2FA false
52 silly getCurrentSHA
53 verbose getCurrentSHA 4ec4dab0cf1636fa4a01dfd3651c62e8b4ac8d75
54 silly lifecycle No script for "prepublish" in "root", continuing
55 silly lifecycle No script for "prepare" in "root", continuing
56 silly lifecycle No script for "prepublishOnly" in "root", continuing
57 silly lifecycle No script for "prepack" in "root", continuing
58 verbose pack-directory packages\latin
59 silly lifecycle No script for "prepublish" in "@fontlab/latin", continuing
60 silly lifecycle No script for "prepare" in "@fontlab/latin", continuing
61 silly lifecycle No script for "prepublishOnly" in "@fontlab/latin", continuing
62 silly lifecycle No script for "prepack" in "@fontlab/latin", continuing
63 silly lifecycle No script for "postpack" in "@fontlab/latin", continuing
64 verbose packed packages\latin
65 verbose pack-directory packages\metrics
66 silly lifecycle No script for "prepublish" in "@fontlab/metrics", continuing
67 silly lifecycle No script for "prepare" in "@fontlab/metrics", continuing
68 silly lifecycle No script for "prepublishOnly" in "@fontlab/metrics", continuing
69 silly lifecycle No script for "prepack" in "@fontlab/metrics", continuing
70 silly lifecycle No script for "postpack" in "@fontlab/metrics", continuing
71 verbose packed packages\metrics
72 silly lifecycle No script for "postpack" in "root", continuing
73 verbose publish @fontlab/latin
74 http fetch PUT 200 https://registry.npmjs.org/@fontlab%2flatin 3791ms
75 silly lifecycle No script for "publish" in "@fontlab/latin", continuing
76 silly lifecycle No script for "postpublish" in "@fontlab/latin", continuing
77 success published @fontlab/latin 0.0.21
78 notice
79 notice package: @fontlab/latin@0.0.21
80 notice === Tarball Contents ===
81 notice 1.1kB  LICENSE
81 notice 12.0kB dist/index.cjs
81 notice 1.5kB  package.json
81 notice 1.5kB  README.md
81 notice 11.6kB dist/index.mjs
82 notice === Tarball Details ===
83 notice name:          @fontlab/latin
83 notice version:       0.0.21
83 notice filename:      fontlab-latin-0.0.21.tgz
83 notice package size:  5.6 kB
83 notice unpacked size: 27.7 kB
83 notice shasum:        298cf3530ffe6dd0a74ba3fa4fb2d4b86d2c288d
83 notice integrity:     sha512-dPo2UBU8mdMaZ[...]ZwtaXdqnCKPtw==
83 notice total files:   5
84 notice
85 verbose publish @fontlab/metrics
86 silly FetchError: request to https://registry.npmjs.org/@fontlab%2fmetrics failed, reason: read ECONNRESET
86 silly     at ClientRequest.<anonymous> (C:\Users\hoyeu\banyan\fontlab\node_modules\minipass-fetch\lib\index.js:110:14)
86 silly     at ClientRequest.emit (node:events:520:28)
86 silly     at TLSSocket.socketErrorListener (node:_http_client:442:9)
86 silly     at TLSSocket.emit (node:events:532:35)
86 silly     at emitErrorNT (node:internal/streams/destroy:157:8)
86 silly     at emitErrorCloseNT (node:internal/streams/destroy:122:3)
86 silly     at processTicksAndRejections (node:internal/process/task_queues:83:21)
86 silly  FetchError: request to https://registry.npmjs.org/@fontlab%2fmetrics failed, reason: read ECONNRESET
86 silly     at ClientRequest.<anonymous> (C:\Users\hoyeu\banyan\fontlab\node_modules\minipass-fetch\lib\index.js:110:14)
86 silly     at ClientRequest.emit (node:events:520:28)
86 silly     at TLSSocket.socketErrorListener (node:_http_client:442:9)
86 silly     at TLSSocket.emit (node:events:532:35)
86 silly     at emitErrorNT (node:internal/streams/destroy:157:8)
86 silly     at emitErrorCloseNT (node:internal/streams/destroy:122:3)
86 silly     at processTicksAndRejections (node:internal/process/task_queues:83:21) {
86 silly   code: 'ECONNRESET',
86 silly   errno: 'ECONNRESET',
86 silly   syscall: 'read',
86 silly   type: 'system'
86 silly }
87 error ECONNRESET request to https://registry.npmjs.org/@fontlab%2fmetrics failed, reason: read ECONNRESET
88 error FetchError: request to https://registry.npmjs.org/@fontlab%2fmetrics failed, reason: read ECONNRESET
88 error     at ClientRequest.<anonymous> (C:\Users\hoyeu\banyan\fontlab\node_modules\minipass-fetch\lib\index.js:110:14)
88 error     at ClientRequest.emit (node:events:520:28)
88 error     at TLSSocket.socketErrorListener (node:_http_client:442:9)
88 error     at TLSSocket.emit (node:events:532:35)
88 error     at emitErrorNT (node:internal/streams/destroy:157:8)
88 error     at emitErrorCloseNT (node:internal/streams/destroy:122:3)
